nohup: can't detach from console: Undefined error: 0
nohup: can't detach from console: Undefined error: 0
Process PoolWorker-4:
Traceback (most recent call last):
  File "/Library/Frameworks/EPD64.framework/Versions/7.3/lib/python2.7/multiprocessing/process.py", line 258, in _bootstrap
    self.run()
  File "/Library/Frameworks/EPD64.framework/Versions/7.3/lib/python2.7/multiprocessing/process.py", line 114, in run
    self._target(*self._args, **self._kwargs)
  File "/Library/Frameworks/EPD64.framework/Versions/7.3/lib/python2.7/multiprocessing/pool.py", line 99, in worker
    put((job, i, result))
  File "/Library/Frameworks/EPD64.framework/Versions/7.3/lib/python2.7/multiprocessing/queues.py", line 390, in put
    return send(obj)
IOError: [Errno 32] Broken pipe
		initialising submit time calculator 5000 cores 100 % load
Process PoolWorker-1:
Traceback (most recent call last):
  File "/Library/Frameworks/EPD64.framework/Versions/7.3/lib/python2.7/multiprocessing/process.py", line 258, in _bootstrap
    self.run()
  File "/Library/Frameworks/EPD64.framework/Versions/7.3/lib/python2.7/multiprocessing/process.py", line 114, in run
    self._target(*self._args, **self._kwargs)
  File "/Library/Frameworks/EPD64.framework/Versions/7.3/lib/python2.7/multiprocessing/pool.py", line 99, in worker
    put((job, i, result))
  File "/Library/Frameworks/EPD64.framework/Versions/7.3/lib/python2.7/multiprocessing/queues.py", line 390, in put
    return send(obj)
IOError: [Errno 32] Broken pipe
		initialising submit time calculator 5000 cores 100 % load
